d:\c++\opengl\opengl\opengl\x64\debug\vc143.pdb
d:\c++\opengl\opengl\opengl\x64\debug\vc143.idb
d:\c++\opengl\opengl\opengl\x64\debug\main.obj
d:\c++\opengl\opengl\opengl\x64\debug\opengl.ilk
d:\c++\opengl\opengl\x64\debug\opengl.pdb
d:\c++\opengl\opengl\opengl\x64\debug\opengl.tlog\cl.command.1.tlog
d:\c++\opengl\opengl\opengl\x64\debug\opengl.tlog\cl.items.tlog
d:\c++\opengl\opengl\opengl\x64\debug\opengl.tlog\cl.read.1.tlog
d:\c++\opengl\opengl\opengl\x64\debug\opengl.tlog\cl.write.1.tlog
d:\c++\opengl\opengl\opengl\x64\debug\opengl.tlog\link-cvtres.read.1.tlog
d:\c++\opengl\opengl\opengl\x64\debug\opengl.tlog\link-cvtres.write.1.tlog
d:\c++\opengl\opengl\opengl\x64\debug\opengl.tlog\link-rc.read.1.tlog
d:\c++\opengl\opengl\opengl\x64\debug\opengl.tlog\link-rc.write.1.tlog
d:\c++\opengl\opengl\opengl\x64\debug\opengl.tlog\link.48432-cvtres.read.1.tlog
d:\c++\opengl\opengl\opengl\x64\debug\opengl.tlog\link.48432-cvtres.write.1.tlog
d:\c++\opengl\opengl\opengl\x64\debug\opengl.tlog\link.48432-rc.read.1.tlog
d:\c++\opengl\opengl\opengl\x64\debug\opengl.tlog\link.48432-rc.write.1.tlog
d:\c++\opengl\opengl\opengl\x64\debug\opengl.tlog\link.48432.read.1.tlog
d:\c++\opengl\opengl\opengl\x64\debug\opengl.tlog\link.48432.read.2.tlog
d:\c++\opengl\opengl\opengl\x64\debug\opengl.tlog\link.48432.read.3.tlog
d:\c++\opengl\opengl\opengl\x64\debug\opengl.tlog\link.48432.read.5.tlog
d:\c++\opengl\opengl\opengl\x64\debug\opengl.tlog\link.48432.write.1.tlog
d:\c++\opengl\opengl\opengl\x64\debug\opengl.tlog\link.command.1.tlog
d:\c++\opengl\opengl\opengl\x64\debug\opengl.tlog\link.read.1.tlog
d:\c++\opengl\opengl\opengl\x64\debug\opengl.tlog\link.read.2.tlog
d:\c++\opengl\opengl\opengl\x64\debug\opengl.tlog\link.read.3.tlog
d:\c++\opengl\opengl\opengl\x64\debug\opengl.tlog\link.read.4.tlog
d:\c++\opengl\opengl\opengl\x64\debug\opengl.tlog\link.read.5.tlog
d:\c++\opengl\opengl\opengl\x64\debug\opengl.tlog\link.secondary.1.tlog
d:\c++\opengl\opengl\opengl\x64\debug\opengl.tlog\link.write.1.tlog
